
> awesomestorybook@1.0.0 build-storybook
> storybook build --output-dir /tmp/chromatic--151232-nLQFlhUmSgzI

storybook v8.2.1

info => Cleaning outputDir: ../../../../../tmp/chromatic--151232-nLQFlhUmSgzI
info => Loading presets
info => Building manager..
info => Manager built (111 ms)
info => Building preview..
WARN No story files found for the specified pattern: components/**/*.stories.mdx
info Addon-docs: using MDX3
info => Using implicit CSS loaders
Using @react-native/babel-preset
info => Using default Webpack5 setup
info Using tsconfig paths for react-docgen
WARN asset size limit: The following asset(s) exceed the recommended size limit (244 KiB).
WARN This can impact web performance.
WARN Assets: 
WARN   352.c0a02467.iframe.bundle.js (1010 KiB)
WARN   232.e2d96969.iframe.bundle.js (592 KiB)
WARN entrypoint size limit: The following entrypoint(s) combined asset size exceeds the recommended limit (244 KiB). This can impact web performance.
WARN Entrypoints:
WARN   main (603 KiB)
WARN       runtime~main.0f7e3fe9.iframe.bundle.js
WARN       232.e2d96969.iframe.bundle.js
WARN       main.dd3ac7ac.iframe.bundle.js
WARN 
info => Preview built (12 s)
info => Output directory: /tmp/chromatic--151232-nLQFlhUmSgzI
